<?xml version="1.0" encoding="UTF-8"?>
<!-- Generated by org.testng.reporters.JUnitXMLReporter -->
<testsuite ignored="1" hostname="DESKTOP-JCSH58D" failures="0" tests="1" name="Default test" time="3.134" errors="0" timestamp="2024-11-26T13:09:01 IST">
  <testcase classname="day2.ValidateJsonResponse" name="jsonPathResponse" time="2.982"/>
  <testcase classname="day2.ValidateJsonResponse" name="jsonPath" time="0.0">
    <ignored/>
  </testcase> <!-- jsonPath -->
</testsuite> <!-- Default test -->
