<?xml version="1.0" encoding="UTF-8"?>
<testng-results ignored="0" total="1" passed="1" failed="0" skipped="0">
  <reporter-output>
  </reporter-output>
  <suite started-at="2024-11-26T13:08:58 IST" name="Default suite" finished-at="2024-11-26T13:09:01 IST" duration-ms="3134">
    <groups>
    </groups>
    <test started-at="2024-11-26T13:08:58 IST" name="Default test" finished-at="2024-11-26T13:09:01 IST" duration-ms="3134">
      <class name="day2.ValidateJsonResponse">
        <test-method signature="jsonPathResponse()[pri:0, instance:day2.ValidateJsonResponse@294425a7]" started-at="2024-11-26T13:08:58 IST" name="jsonPathResponse" finished-at="2024-11-26T13:09:01 IST" duration-ms="2982" status="PASS">
          <reporter-output>
          </reporter-output>
        </test-method> <!-- jsonPathResponse -->
      </class> <!-- day2.ValidateJsonResponse -->
    </test> <!-- Default test -->
  </suite> <!-- Default suite -->
</testng-results>
